c:\users\sean\desktop\github\pe_viewer\visual studio 2019\pe explorer\x64\debug\vc143.pdb
c:\users\sean\desktop\github\pe_viewer\visual studio 2019\pe explorer\x64\debug\vc143.idb
c:\users\sean\desktop\github\pe_viewer\visual studio 2019\pe explorer\x64\debug\main.obj
c:\users\sean\desktop\github\pe_viewer\visual studio 2019\pe explorer\x64\debug\get_file_content.obj
c:\users\sean\desktop\github\pe_viewer\visual studio 2019\pe explorer\x64\debug\get_file_size.obj
c:\users\sean\desktop\github\pe_viewer\visual studio 2019\pe explorer\x64\debug\set_file_offset.obj
c:\users\sean\desktop\github\pe_viewer\visual studio 2019\pe explorer\x64\debug\rva_to_raw.obj
c:\users\sean\desktop\github\pe_viewer\visual studio 2019\pe explorer\x64\debug\print_section_header.obj
c:\users\sean\desktop\github\pe_viewer\visual studio 2019\pe explorer\x64\debug\print_nt_header.obj
c:\users\sean\desktop\github\pe_viewer\visual studio 2019\pe explorer\x64\debug\print_inh_ioh_datadirectory.obj
c:\users\sean\desktop\github\pe_viewer\visual studio 2019\pe explorer\x64\debug\print_iid.obj
c:\users\sean\desktop\github\pe_viewer\visual studio 2019\pe explorer\x64\debug\print_ied.obj
c:\users\sean\desktop\github\pe_viewer\visual studio 2019\pe explorer\x64\debug\print_dos_header.obj
c:\users\sean\desktop\github\pe_viewer\visual studio 2019\pe explorer\x64\debug\get_file_offset.obj
c:\users\sean\desktop\github\pe_viewer\visual studio 2019\pe explorer\x64\debug\pe viewer.exe
c:\users\sean\desktop\github\pe_viewer\visual studio 2019\pe explorer\x64\debug\pe viewer.ilk
c:\users\sean\desktop\github\pe_viewer\visual studio 2019\pe explorer\x64\debug\pe viewer.pdb
c:\users\sean\desktop\github\pe_viewer\visual studio 2019\pe explorer\x64\debug\pe viewer.tlog\cl.command.1.tlog
c:\users\sean\desktop\github\pe_viewer\visual studio 2019\pe explorer\x64\debug\pe viewer.tlog\cl.items.tlog
c:\users\sean\desktop\github\pe_viewer\visual studio 2019\pe explorer\x64\debug\pe viewer.tlog\cl.read.1.tlog
c:\users\sean\desktop\github\pe_viewer\visual studio 2019\pe explorer\x64\debug\pe viewer.tlog\cl.write.1.tlog
c:\users\sean\desktop\github\pe_viewer\visual studio 2019\pe explorer\x64\debug\pe viewer.tlog\link.command.1.tlog
c:\users\sean\desktop\github\pe_viewer\visual studio 2019\pe explorer\x64\debug\pe viewer.tlog\link.read.1.tlog
c:\users\sean\desktop\github\pe_viewer\visual studio 2019\pe explorer\x64\debug\pe viewer.tlog\link.write.1.tlog
