  get_file_content.c
  get_file_offset.c
  get_file_size.c
  main.c
  print_dos_header.c
C:\Users\sean\Desktop\github\toy_project\PE Explorer\Visual Studio 2019\pe explorer\print_dos_header.c(9,9): warning C4477: 'printf' : 서식 문자열 '%d'에 'int' 형식의 인수가 필요하지만 variadic 인수 2의 형식이 'size_t'입니다.
C:\Users\sean\Desktop\github\toy_project\PE Explorer\Visual Studio 2019\pe explorer\print_dos_header.c(9,9): message : 서식 문자열에서 '%zd'을(를) 사용하는 것이 좋습니다.
C:\Users\sean\Desktop\github\toy_project\PE Explorer\Visual Studio 2019\pe explorer\print_dos_header.c(12,9): warning C4477: 'printf' : 서식 문자열 '%d'에 'int' 형식의 인수가 필요하지만 variadic 인수 2의 형식이 'size_t'입니다.
C:\Users\sean\Desktop\github\toy_project\PE Explorer\Visual Studio 2019\pe explorer\print_dos_header.c(12,9): message : 서식 문자열에서 '%zd'을(를) 사용하는 것이 좋습니다.
C:\Users\sean\Desktop\github\toy_project\PE Explorer\Visual Studio 2019\pe explorer\print_dos_header.c(15,9): warning C4477: 'printf' : 서식 문자열 '%d'에 'int' 형식의 인수가 필요하지만 variadic 인수 2의 형식이 'size_t'입니다.
C:\Users\sean\Desktop\github\toy_project\PE Explorer\Visual Studio 2019\pe explorer\print_dos_header.c(15,9): message : 서식 문자열에서 '%zd'을(를) 사용하는 것이 좋습니다.
C:\Users\sean\Desktop\github\toy_project\PE Explorer\Visual Studio 2019\pe explorer\print_dos_header.c(18,9): warning C4477: 'printf' : 서식 문자열 '%d'에 'int' 형식의 인수가 필요하지만 variadic 인수 2의 형식이 'size_t'입니다.
C:\Users\sean\Desktop\github\toy_project\PE Explorer\Visual Studio 2019\pe explorer\print_dos_header.c(18,9): message : 서식 문자열에서 '%zd'을(를) 사용하는 것이 좋습니다.
C:\Users\sean\Desktop\github\toy_project\PE Explorer\Visual Studio 2019\pe explorer\print_dos_header.c(21,9): warning C4477: 'printf' : 서식 문자열 '%d'에 'int' 형식의 인수가 필요하지만 variadic 인수 2의 형식이 'size_t'입니다.
C:\Users\sean\Desktop\github\toy_project\PE Explorer\Visual Studio 2019\pe explorer\print_dos_header.c(21,9): message : 서식 문자열에서 '%zd'을(를) 사용하는 것이 좋습니다.
C:\Users\sean\Desktop\github\toy_project\PE Explorer\Visual Studio 2019\pe explorer\print_dos_header.c(24,9): warning C4477: 'printf' : 서식 문자열 '%d'에 'int' 형식의 인수가 필요하지만 variadic 인수 2의 형식이 'size_t'입니다.
C:\Users\sean\Desktop\github\toy_project\PE Explorer\Visual Studio 2019\pe explorer\print_dos_header.c(24,9): message : 서식 문자열에서 '%zd'을(를) 사용하는 것이 좋습니다.
C:\Users\sean\Desktop\github\toy_project\PE Explorer\Visual Studio 2019\pe explorer\print_dos_header.c(27,9): warning C4477: 'printf' : 서식 문자열 '%d'에 'int' 형식의 인수가 필요하지만 variadic 인수 2의 형식이 'size_t'입니다.
C:\Users\sean\Desktop\github\toy_project\PE Explorer\Visual Studio 2019\pe explorer\print_dos_header.c(27,9): message : 서식 문자열에서 '%zd'을(를) 사용하는 것이 좋습니다.
C:\Users\sean\Desktop\github\toy_project\PE Explorer\Visual Studio 2019\pe explorer\print_dos_header.c(30,9): warning C4477: 'printf' : 서식 문자열 '%d'에 'int' 형식의 인수가 필요하지만 variadic 인수 2의 형식이 'size_t'입니다.
C:\Users\sean\Desktop\github\toy_project\PE Explorer\Visual Studio 2019\pe explorer\print_dos_header.c(30,9): message : 서식 문자열에서 '%zd'을(를) 사용하는 것이 좋습니다.
C:\Users\sean\Desktop\github\toy_project\PE Explorer\Visual Studio 2019\pe explorer\print_dos_header.c(33,9): warning C4477: 'printf' : 서식 문자열 '%d'에 'int' 형식의 인수가 필요하지만 variadic 인수 2의 형식이 'size_t'입니다.
C:\Users\sean\Desktop\github\toy_project\PE Explorer\Visual Studio 2019\pe explorer\print_dos_header.c(33,9): message : 서식 문자열에서 '%zd'을(를) 사용하는 것이 좋습니다.
C:\Users\sean\Desktop\github\toy_project\PE Explorer\Visual Studio 2019\pe explorer\print_dos_header.c(36,9): warning C4477: 'printf' : 서식 문자열 '%d'에 'int' 형식의 인수가 필요하지만 variadic 인수 2의 형식이 'size_t'입니다.
C:\Users\sean\Desktop\github\toy_project\PE Explorer\Visual Studio 2019\pe explorer\print_dos_header.c(36,9): message : 서식 문자열에서 '%zd'을(를) 사용하는 것이 좋습니다.
C:\Users\sean\Desktop\github\toy_project\PE Explorer\Visual Studio 2019\pe explorer\print_dos_header.c(39,9): warning C4477: 'printf' : 서식 문자열 '%d'에 'int' 형식의 인수가 필요하지만 variadic 인수 2의 형식이 'size_t'입니다.
C:\Users\sean\Desktop\github\toy_project\PE Explorer\Visual Studio 2019\pe explorer\print_dos_header.c(39,9): message : 서식 문자열에서 '%zd'을(를) 사용하는 것이 좋습니다.
C:\Users\sean\Desktop\github\toy_project\PE Explorer\Visual Studio 2019\pe explorer\print_dos_header.c(42,9): warning C4477: 'printf' : 서식 문자열 '%d'에 'int' 형식의 인수가 필요하지만 variadic 인수 2의 형식이 'size_t'입니다.
C:\Users\sean\Desktop\github\toy_project\PE Explorer\Visual Studio 2019\pe explorer\print_dos_header.c(42,9): message : 서식 문자열에서 '%zd'을(를) 사용하는 것이 좋습니다.
C:\Users\sean\Desktop\github\toy_project\PE Explorer\Visual Studio 2019\pe explorer\print_dos_header.c(45,9): warning C4477: 'printf' : 서식 문자열 '%d'에 'int' 형식의 인수가 필요하지만 variadic 인수 2의 형식이 'size_t'입니다.
C:\Users\sean\Desktop\github\toy_project\PE Explorer\Visual Studio 2019\pe explorer\print_dos_header.c(45,9): message : 서식 문자열에서 '%zd'을(를) 사용하는 것이 좋습니다.
C:\Users\sean\Desktop\github\toy_project\PE Explorer\Visual Studio 2019\pe explorer\print_dos_header.c(48,9): warning C4477: 'printf' : 서식 문자열 '%d'에 'int' 형식의 인수가 필요하지만 variadic 인수 2의 형식이 'size_t'입니다.
C:\Users\sean\Desktop\github\toy_project\PE Explorer\Visual Studio 2019\pe explorer\print_dos_header.c(48,9): message : 서식 문자열에서 '%zd'을(를) 사용하는 것이 좋습니다.
C:\Users\sean\Desktop\github\toy_project\PE Explorer\Visual Studio 2019\pe explorer\print_dos_header.c(53,10): warning C4477: 'printf' : 서식 문자열 '%d'에 'int' 형식의 인수가 필요하지만 variadic 인수 3의 형식이 'size_t'입니다.
C:\Users\sean\Desktop\github\toy_project\PE Explorer\Visual Studio 2019\pe explorer\print_dos_header.c(53,10): message : 서식 문자열에서 '%zd'을(를) 사용하는 것이 좋습니다.
C:\Users\sean\Desktop\github\toy_project\PE Explorer\Visual Studio 2019\pe explorer\print_dos_header.c(56,9): warning C4477: 'printf' : 서식 문자열 '%d'에 'int' 형식의 인수가 필요하지만 variadic 인수 2의 형식이 'size_t'입니다.
C:\Users\sean\Desktop\github\toy_project\PE Explorer\Visual Studio 2019\pe explorer\print_dos_header.c(56,9): message : 서식 문자열에서 '%zd'을(를) 사용하는 것이 좋습니다.
C:\Users\sean\Desktop\github\toy_project\PE Explorer\Visual Studio 2019\pe explorer\print_dos_header.c(59,9): warning C4477: 'printf' : 서식 문자열 '%d'에 'int' 형식의 인수가 필요하지만 variadic 인수 2의 형식이 'size_t'입니다.
C:\Users\sean\Desktop\github\toy_project\PE Explorer\Visual Studio 2019\pe explorer\print_dos_header.c(59,9): message : 서식 문자열에서 '%zd'을(를) 사용하는 것이 좋습니다.
C:\Users\sean\Desktop\github\toy_project\PE Explorer\Visual Studio 2019\pe explorer\print_dos_header.c(64,10): warning C4477: 'printf' : 서식 문자열 '%d'에 'int' 형식의 인수가 필요하지만 variadic 인수 3의 형식이 'size_t'입니다.
C:\Users\sean\Desktop\github\toy_project\PE Explorer\Visual Studio 2019\pe explorer\print_dos_header.c(64,10): message : 서식 문자열에서 '%zd'을(를) 사용하는 것이 좋습니다.
C:\Users\sean\Desktop\github\toy_project\PE Explorer\Visual Studio 2019\pe explorer\print_dos_header.c(67,9): warning C4477: 'printf' : 서식 문자열 '%d'에 'int' 형식의 인수가 필요하지만 variadic 인수 2의 형식이 'size_t'입니다.
C:\Users\sean\Desktop\github\toy_project\PE Explorer\Visual Studio 2019\pe explorer\print_dos_header.c(67,9): message : 서식 문자열에서 '%zd'을(를) 사용하는 것이 좋습니다.
  print_ied.c
C:\Users\sean\Desktop\github\toy_project\PE Explorer\Visual Studio 2019\pe explorer\print_ied.c(10,9): warning C4477: 'printf' : 서식 문자열 '%d'에 'int' 형식의 인수가 필요하지만 variadic 인수 2의 형식이 'size_t'입니다.
C:\Users\sean\Desktop\github\toy_project\PE Explorer\Visual Studio 2019\pe explorer\print_ied.c(10,9): message : 서식 문자열에서 '%zd'을(를) 사용하는 것이 좋습니다.
C:\Users\sean\Desktop\github\toy_project\PE Explorer\Visual Studio 2019\pe explorer\print_ied.c(13,9): warning C4477: 'printf' : 서식 문자열 '%d'에 'int' 형식의 인수가 필요하지만 variadic 인수 2의 형식이 'size_t'입니다.
C:\Users\sean\Desktop\github\toy_project\PE Explorer\Visual Studio 2019\pe explorer\print_ied.c(13,9): message : 서식 문자열에서 '%zd'을(를) 사용하는 것이 좋습니다.
C:\Users\sean\Desktop\github\toy_project\PE Explorer\Visual Studio 2019\pe explorer\print_ied.c(16,9): warning C4477: 'printf' : 서식 문자열 '%d'에 'int' 형식의 인수가 필요하지만 variadic 인수 2의 형식이 'size_t'입니다.
C:\Users\sean\Desktop\github\toy_project\PE Explorer\Visual Studio 2019\pe explorer\print_ied.c(16,9): message : 서식 문자열에서 '%zd'을(를) 사용하는 것이 좋습니다.
C:\Users\sean\Desktop\github\toy_project\PE Explorer\Visual Studio 2019\pe explorer\print_ied.c(19,9): warning C4477: 'printf' : 서식 문자열 '%d'에 'int' 형식의 인수가 필요하지만 variadic 인수 2의 형식이 'size_t'입니다.
C:\Users\sean\Desktop\github\toy_project\PE Explorer\Visual Studio 2019\pe explorer\print_ied.c(19,9): message : 서식 문자열에서 '%zd'을(를) 사용하는 것이 좋습니다.
C:\Users\sean\Desktop\github\toy_project\PE Explorer\Visual Studio 2019\pe explorer\print_ied.c(23,9): warning C4477: 'printf' : 서식 문자열 '%d'에 'int' 형식의 인수가 필요하지만 variadic 인수 2의 형식이 'size_t'입니다.
C:\Users\sean\Desktop\github\toy_project\PE Explorer\Visual Studio 2019\pe explorer\print_ied.c(23,9): message : 서식 문자열에서 '%zd'을(를) 사용하는 것이 좋습니다.
C:\Users\sean\Desktop\github\toy_project\PE Explorer\Visual Studio 2019\pe explorer\print_ied.c(26,9): warning C4477: 'printf' : 서식 문자열 '%d'에 'int' 형식의 인수가 필요하지만 variadic 인수 2의 형식이 'size_t'입니다.
C:\Users\sean\Desktop\github\toy_project\PE Explorer\Visual Studio 2019\pe explorer\print_ied.c(26,9): message : 서식 문자열에서 '%zd'을(를) 사용하는 것이 좋습니다.
C:\Users\sean\Desktop\github\toy_project\PE Explorer\Visual Studio 2019\pe explorer\print_ied.c(29,9): warning C4477: 'printf' : 서식 문자열 '%d'에 'int' 형식의 인수가 필요하지만 variadic 인수 2의 형식이 'size_t'입니다.
C:\Users\sean\Desktop\github\toy_project\PE Explorer\Visual Studio 2019\pe explorer\print_ied.c(29,9): message : 서식 문자열에서 '%zd'을(를) 사용하는 것이 좋습니다.
C:\Users\sean\Desktop\github\toy_project\PE Explorer\Visual Studio 2019\pe explorer\print_ied.c(32,9): warning C4477: 'printf' : 서식 문자열 '%d'에 'int' 형식의 인수가 필요하지만 variadic 인수 2의 형식이 'size_t'입니다.
C:\Users\sean\Desktop\github\toy_project\PE Explorer\Visual Studio 2019\pe explorer\print_ied.c(32,9): message : 서식 문자열에서 '%zd'을(를) 사용하는 것이 좋습니다.
C:\Users\sean\Desktop\github\toy_project\PE Explorer\Visual Studio 2019\pe explorer\print_ied.c(35,9): warning C4477: 'printf' : 서식 문자열 '%d'에 'int' 형식의 인수가 필요하지만 variadic 인수 2의 형식이 'size_t'입니다.
C:\Users\sean\Desktop\github\toy_project\PE Explorer\Visual Studio 2019\pe explorer\print_ied.c(35,9): message : 서식 문자열에서 '%zd'을(를) 사용하는 것이 좋습니다.
C:\Users\sean\Desktop\github\toy_project\PE Explorer\Visual Studio 2019\pe explorer\print_ied.c(38,9): warning C4477: 'printf' : 서식 문자열 '%d'에 'int' 형식의 인수가 필요하지만 variadic 인수 2의 형식이 'size_t'입니다.
C:\Users\sean\Desktop\github\toy_project\PE Explorer\Visual Studio 2019\pe explorer\print_ied.c(38,9): message : 서식 문자열에서 '%zd'을(를) 사용하는 것이 좋습니다.
C:\Users\sean\Desktop\github\toy_project\PE Explorer\Visual Studio 2019\pe explorer\print_ied.c(41,9): warning C4477: 'printf' : 서식 문자열 '%d'에 'int' 형식의 인수가 필요하지만 variadic 인수 2의 형식이 'size_t'입니다.
C:\Users\sean\Desktop\github\toy_project\PE Explorer\Visual Studio 2019\pe explorer\print_ied.c(41,9): message : 서식 문자열에서 '%zd'을(를) 사용하는 것이 좋습니다.
  print_iid.c
C:\Users\sean\Desktop\github\toy_project\PE Explorer\Visual Studio 2019\pe explorer\print_iid.c(19,10): warning C4477: 'printf' : 서식 문자열 '%d'에 'int' 형식의 인수가 필요하지만 variadic 인수 2의 형식이 'size_t'입니다.
C:\Users\sean\Desktop\github\toy_project\PE Explorer\Visual Studio 2019\pe explorer\print_iid.c(19,10): message : 서식 문자열에서 '%zd'을(를) 사용하는 것이 좋습니다.
C:\Users\sean\Desktop\github\toy_project\PE Explorer\Visual Studio 2019\pe explorer\print_iid.c(22,10): warning C4477: 'printf' : 서식 문자열 '%d'에 'int' 형식의 인수가 필요하지만 variadic 인수 2의 형식이 'size_t'입니다.
C:\Users\sean\Desktop\github\toy_project\PE Explorer\Visual Studio 2019\pe explorer\print_iid.c(22,10): message : 서식 문자열에서 '%zd'을(를) 사용하는 것이 좋습니다.
C:\Users\sean\Desktop\github\toy_project\PE Explorer\Visual Studio 2019\pe explorer\print_iid.c(25,10): warning C4477: 'printf' : 서식 문자열 '%d'에 'int' 형식의 인수가 필요하지만 variadic 인수 2의 형식이 'size_t'입니다.
C:\Users\sean\Desktop\github\toy_project\PE Explorer\Visual Studio 2019\pe explorer\print_iid.c(25,10): message : 서식 문자열에서 '%zd'을(를) 사용하는 것이 좋습니다.
C:\Users\sean\Desktop\github\toy_project\PE Explorer\Visual Studio 2019\pe explorer\print_iid.c(29,10): warning C4477: 'printf' : 서식 문자열 '%d'에 'int' 형식의 인수가 필요하지만 variadic 인수 2의 형식이 'size_t'입니다.
C:\Users\sean\Desktop\github\toy_project\PE Explorer\Visual Studio 2019\pe explorer\print_iid.c(29,10): message : 서식 문자열에서 '%zd'을(를) 사용하는 것이 좋습니다.
C:\Users\sean\Desktop\github\toy_project\PE Explorer\Visual Studio 2019\pe explorer\print_iid.c(32,10): warning C4477: 'printf' : 서식 문자열 '%d'에 'int' 형식의 인수가 필요하지만 variadic 인수 2의 형식이 'size_t'입니다.
C:\Users\sean\Desktop\github\toy_project\PE Explorer\Visual Studio 2019\pe explorer\print_iid.c(32,10): message : 서식 문자열에서 '%zd'을(를) 사용하는 것이 좋습니다.
  print_inh_ioh_datadirectory.c
C:\Users\sean\Desktop\github\toy_project\PE Explorer\Visual Studio 2019\pe explorer\print_inh_ioh_datadirectory.c(11,10): warning C4477: 'printf' : 서식 문자열 '%d'에 'int' 형식의 인수가 필요하지만 variadic 인수 3의 형식이 'size_t'입니다.
C:\Users\sean\Desktop\github\toy_project\PE Explorer\Visual Studio 2019\pe explorer\print_inh_ioh_datadirectory.c(11,10): message : 서식 문자열에서 '%zd'을(를) 사용하는 것이 좋습니다.
C:\Users\sean\Desktop\github\toy_project\PE Explorer\Visual Studio 2019\pe explorer\print_inh_ioh_datadirectory.c(13,10): warning C4477: 'printf' : 서식 문자열 '%d'에 'int' 형식의 인수가 필요하지만 variadic 인수 3의 형식이 'size_t'입니다.
C:\Users\sean\Desktop\github\toy_project\PE Explorer\Visual Studio 2019\pe explorer\print_inh_ioh_datadirectory.c(13,10): message : 서식 문자열에서 '%zd'을(를) 사용하는 것이 좋습니다.
C:\Users\sean\Desktop\github\toy_project\PE Explorer\Visual Studio 2019\pe explorer\print_inh_ioh_datadirectory.c(124,10): warning C4477: 'printf' : 서식 문자열 '%d'에 'int' 형식의 인수가 필요하지만 variadic 인수 3의 형식이 'size_t'입니다.
C:\Users\sean\Desktop\github\toy_project\PE Explorer\Visual Studio 2019\pe explorer\print_inh_ioh_datadirectory.c(124,10): message : 서식 문자열에서 '%zd'을(를) 사용하는 것이 좋습니다.
C:\Users\sean\Desktop\github\toy_project\PE Explorer\Visual Studio 2019\pe explorer\print_inh_ioh_datadirectory.c(126,10): warning C4477: 'printf' : 서식 문자열 '%d'에 'int' 형식의 인수가 필요하지만 variadic 인수 3의 형식이 'size_t'입니다.
C:\Users\sean\Desktop\github\toy_project\PE Explorer\Visual Studio 2019\pe explorer\print_inh_ioh_datadirectory.c(126,10): message : 서식 문자열에서 '%zd'을(를) 사용하는 것이 좋습니다.
  print_nt_header.c
C:\Users\sean\Desktop\github\toy_project\PE Explorer\Visual Studio 2019\pe explorer\print_nt_header.c(9,9): warning C4477: 'printf' : 서식 문자열 '%d'에 'int' 형식의 인수가 필요하지만 variadic 인수 2의 형식이 'size_t'입니다.
C:\Users\sean\Desktop\github\toy_project\PE Explorer\Visual Studio 2019\pe explorer\print_nt_header.c(9,9): message : 서식 문자열에서 '%zd'을(를) 사용하는 것이 좋습니다.
C:\Users\sean\Desktop\github\toy_project\PE Explorer\Visual Studio 2019\pe explorer\print_nt_header.c(13,9): warning C4477: 'printf' : 서식 문자열 '%d'에 'int' 형식의 인수가 필요하지만 variadic 인수 2의 형식이 'size_t'입니다.
C:\Users\sean\Desktop\github\toy_project\PE Explorer\Visual Studio 2019\pe explorer\print_nt_header.c(13,9): message : 서식 문자열에서 '%zd'을(를) 사용하는 것이 좋습니다.
C:\Users\sean\Desktop\github\toy_project\PE Explorer\Visual Studio 2019\pe explorer\print_nt_header.c(16,9): warning C4477: 'printf' : 서식 문자열 '%d'에 'int' 형식의 인수가 필요하지만 variadic 인수 2의 형식이 'size_t'입니다.
C:\Users\sean\Desktop\github\toy_project\PE Explorer\Visual Studio 2019\pe explorer\print_nt_header.c(16,9): message : 서식 문자열에서 '%zd'을(를) 사용하는 것이 좋습니다.
C:\Users\sean\Desktop\github\toy_project\PE Explorer\Visual Studio 2019\pe explorer\print_nt_header.c(19,9): warning C4477: 'printf' : 서식 문자열 '%d'에 'int' 형식의 인수가 필요하지만 variadic 인수 2의 형식이 'size_t'입니다.
C:\Users\sean\Desktop\github\toy_project\PE Explorer\Visual Studio 2019\pe explorer\print_nt_header.c(19,9): message : 서식 문자열에서 '%zd'을(를) 사용하는 것이 좋습니다.
C:\Users\sean\Desktop\github\toy_project\PE Explorer\Visual Studio 2019\pe explorer\print_nt_header.c(22,9): warning C4477: 'printf' : 서식 문자열 '%d'에 'int' 형식의 인수가 필요하지만 variadic 인수 2의 형식이 'size_t'입니다.
C:\Users\sean\Desktop\github\toy_project\PE Explorer\Visual Studio 2019\pe explorer\print_nt_header.c(22,9): message : 서식 문자열에서 '%zd'을(를) 사용하는 것이 좋습니다.
C:\Users\sean\Desktop\github\toy_project\PE Explorer\Visual Studio 2019\pe explorer\print_nt_header.c(25,9): warning C4477: 'printf' : 서식 문자열 '%d'에 'int' 형식의 인수가 필요하지만 variadic 인수 2의 형식이 'size_t'입니다.
C:\Users\sean\Desktop\github\toy_project\PE Explorer\Visual Studio 2019\pe explorer\print_nt_header.c(25,9): message : 서식 문자열에서 '%zd'을(를) 사용하는 것이 좋습니다.
C:\Users\sean\Desktop\github\toy_project\PE Explorer\Visual Studio 2019\pe explorer\print_nt_header.c(28,9): warning C4477: 'printf' : 서식 문자열 '%d'에 'int' 형식의 인수가 필요하지만 variadic 인수 2의 형식이 'size_t'입니다.
C:\Users\sean\Desktop\github\toy_project\PE Explorer\Visual Studio 2019\pe explorer\print_nt_header.c(28,9): message : 서식 문자열에서 '%zd'을(를) 사용하는 것이 좋습니다.
C:\Users\sean\Desktop\github\toy_project\PE Explorer\Visual Studio 2019\pe explorer\print_nt_header.c(31,9): warning C4477: 'printf' : 서식 문자열 '%d'에 'int' 형식의 인수가 필요하지만 variadic 인수 2의 형식이 'size_t'입니다.
C:\Users\sean\Desktop\github\toy_project\PE Explorer\Visual Studio 2019\pe explorer\print_nt_header.c(31,9): message : 서식 문자열에서 '%zd'을(를) 사용하는 것이 좋습니다.
C:\Users\sean\Desktop\github\toy_project\PE Explorer\Visual Studio 2019\pe explorer\print_nt_header.c(36,9): warning C4477: 'printf' : 서식 문자열 '%d'에 'int' 형식의 인수가 필요하지만 variadic 인수 2의 형식이 'size_t'입니다.
C:\Users\sean\Desktop\github\toy_project\PE Explorer\Visual Studio 2019\pe explorer\print_nt_header.c(36,9): message : 서식 문자열에서 '%zd'을(를) 사용하는 것이 좋습니다.
C:\Users\sean\Desktop\github\toy_project\PE Explorer\Visual Studio 2019\pe explorer\print_nt_header.c(39,9): warning C4477: 'printf' : 서식 문자열 '%d'에 'int' 형식의 인수가 필요하지만 variadic 인수 2의 형식이 'size_t'입니다.
C:\Users\sean\Desktop\github\toy_project\PE Explorer\Visual Studio 2019\pe explorer\print_nt_header.c(39,9): message : 서식 문자열에서 '%zd'을(를) 사용하는 것이 좋습니다.
C:\Users\sean\Desktop\github\toy_project\PE Explorer\Visual Studio 2019\pe explorer\print_nt_header.c(42,9): warning C4477: 'printf' : 서식 문자열 '%d'에 'int' 형식의 인수가 필요하지만 variadic 인수 2의 형식이 'size_t'입니다.
C:\Users\sean\Desktop\github\toy_project\PE Explorer\Visual Studio 2019\pe explorer\print_nt_header.c(42,9): message : 서식 문자열에서 '%zd'을(를) 사용하는 것이 좋습니다.
C:\Users\sean\Desktop\github\toy_project\PE Explorer\Visual Studio 2019\pe explorer\print_nt_header.c(45,9): warning C4477: 'printf' : 서식 문자열 '%d'에 'int' 형식의 인수가 필요하지만 variadic 인수 2의 형식이 'size_t'입니다.
C:\Users\sean\Desktop\github\toy_project\PE Explorer\Visual Studio 2019\pe explorer\print_nt_header.c(45,9): message : 서식 문자열에서 '%zd'을(를) 사용하는 것이 좋습니다.
C:\Users\sean\Desktop\github\toy_project\PE Explorer\Visual Studio 2019\pe explorer\print_nt_header.c(48,9): warning C4477: 'printf' : 서식 문자열 '%d'에 'int' 형식의 인수가 필요하지만 variadic 인수 2의 형식이 'size_t'입니다.
C:\Users\sean\Desktop\github\toy_project\PE Explorer\Visual Studio 2019\pe explorer\print_nt_header.c(48,9): message : 서식 문자열에서 '%zd'을(를) 사용하는 것이 좋습니다.
C:\Users\sean\Desktop\github\toy_project\PE Explorer\Visual Studio 2019\pe explorer\print_nt_header.c(51,9): warning C4477: 'printf' : 서식 문자열 '%d'에 'int' 형식의 인수가 필요하지만 variadic 인수 2의 형식이 'size_t'입니다.
C:\Users\sean\Desktop\github\toy_project\PE Explorer\Visual Studio 2019\pe explorer\print_nt_header.c(51,9): message : 서식 문자열에서 '%zd'을(를) 사용하는 것이 좋습니다.
C:\Users\sean\Desktop\github\toy_project\PE Explorer\Visual Studio 2019\pe explorer\print_nt_header.c(54,9): warning C4477: 'printf' : 서식 문자열 '%d'에 'int' 형식의 인수가 필요하지만 variadic 인수 2의 형식이 'size_t'입니다.
C:\Users\sean\Desktop\github\toy_project\PE Explorer\Visual Studio 2019\pe explorer\print_nt_header.c(54,9): message : 서식 문자열에서 '%zd'을(를) 사용하는 것이 좋습니다.
C:\Users\sean\Desktop\github\toy_project\PE Explorer\Visual Studio 2019\pe explorer\print_nt_header.c(57,9): warning C4477: 'printf' : 서식 문자열 '%d'에 'int' 형식의 인수가 필요하지만 variadic 인수 2의 형식이 'size_t'입니다.
C:\Users\sean\Desktop\github\toy_project\PE Explorer\Visual Studio 2019\pe explorer\print_nt_header.c(57,9): message : 서식 문자열에서 '%zd'을(를) 사용하는 것이 좋습니다.
C:\Users\sean\Desktop\github\toy_project\PE Explorer\Visual Studio 2019\pe explorer\print_nt_header.c(60,9): warning C4477: 'printf' : 서식 문자열 '%d'에 'int' 형식의 인수가 필요하지만 variadic 인수 2의 형식이 'size_t'입니다.
C:\Users\sean\Desktop\github\toy_project\PE Explorer\Visual Studio 2019\pe explorer\print_nt_header.c(60,9): message : 서식 문자열에서 '%zd'을(를) 사용하는 것이 좋습니다.
C:\Users\sean\Desktop\github\toy_project\PE Explorer\Visual Studio 2019\pe explorer\print_nt_header.c(63,9): warning C4477: 'printf' : 서식 문자열 '%d'에 'int' 형식의 인수가 필요하지만 variadic 인수 2의 형식이 'size_t'입니다.
C:\Users\sean\Desktop\github\toy_project\PE Explorer\Visual Studio 2019\pe explorer\print_nt_header.c(63,9): message : 서식 문자열에서 '%zd'을(를) 사용하는 것이 좋습니다.
C:\Users\sean\Desktop\github\toy_project\PE Explorer\Visual Studio 2019\pe explorer\print_nt_header.c(66,9): warning C4477: 'printf' : 서식 문자열 '%d'에 'int' 형식의 인수가 필요하지만 variadic 인수 2의 형식이 'size_t'입니다.
C:\Users\sean\Desktop\github\toy_project\PE Explorer\Visual Studio 2019\pe explorer\print_nt_header.c(66,9): message : 서식 문자열에서 '%zd'을(를) 사용하는 것이 좋습니다.
C:\Users\sean\Desktop\github\toy_project\PE Explorer\Visual Studio 2019\pe explorer\print_nt_header.c(69,9): warning C4477: 'printf' : 서식 문자열 '%d'에 'int' 형식의 인수가 필요하지만 variadic 인수 2의 형식이 'size_t'입니다.
C:\Users\sean\Desktop\github\toy_project\PE Explorer\Visual Studio 2019\pe explorer\print_nt_header.c(69,9): message : 서식 문자열에서 '%zd'을(를) 사용하는 것이 좋습니다.
C:\Users\sean\Desktop\github\toy_project\PE Explorer\Visual Studio 2019\pe explorer\print_nt_header.c(72,9): warning C4477: 'printf' : 서식 문자열 '%d'에 'int' 형식의 인수가 필요하지만 variadic 인수 2의 형식이 'size_t'입니다.
C:\Users\sean\Desktop\github\toy_project\PE Explorer\Visual Studio 2019\pe explorer\print_nt_header.c(72,9): message : 서식 문자열에서 '%zd'을(를) 사용하는 것이 좋습니다.
C:\Users\sean\Desktop\github\toy_project\PE Explorer\Visual Studio 2019\pe explorer\print_nt_header.c(75,9): warning C4477: 'printf' : 서식 문자열 '%d'에 'int' 형식의 인수가 필요하지만 variadic 인수 2의 형식이 'size_t'입니다.
C:\Users\sean\Desktop\github\toy_project\PE Explorer\Visual Studio 2019\pe explorer\print_nt_header.c(75,9): message : 서식 문자열에서 '%zd'을(를) 사용하는 것이 좋습니다.
C:\Users\sean\Desktop\github\toy_project\PE Explorer\Visual Studio 2019\pe explorer\print_nt_header.c(78,9): warning C4477: 'printf' : 서식 문자열 '%d'에 'int' 형식의 인수가 필요하지만 variadic 인수 2의 형식이 'size_t'입니다.
C:\Users\sean\Desktop\github\toy_project\PE Explorer\Visual Studio 2019\pe explorer\print_nt_header.c(78,9): message : 서식 문자열에서 '%zd'을(를) 사용하는 것이 좋습니다.
C:\Users\sean\Desktop\github\toy_project\PE Explorer\Visual Studio 2019\pe explorer\print_nt_header.c(81,9): warning C4477: 'printf' : 서식 문자열 '%d'에 'int' 형식의 인수가 필요하지만 variadic 인수 2의 형식이 'size_t'입니다.
C:\Users\sean\Desktop\github\toy_project\PE Explorer\Visual Studio 2019\pe explorer\print_nt_header.c(81,9): message : 서식 문자열에서 '%zd'을(를) 사용하는 것이 좋습니다.
C:\Users\sean\Desktop\github\toy_project\PE Explorer\Visual Studio 2019\pe explorer\print_nt_header.c(84,9): warning C4477: 'printf' : 서식 문자열 '%d'에 'int' 형식의 인수가 필요하지만 variadic 인수 2의 형식이 'size_t'입니다.
C:\Users\sean\Desktop\github\toy_project\PE Explorer\Visual Studio 2019\pe explorer\print_nt_header.c(84,9): message : 서식 문자열에서 '%zd'을(를) 사용하는 것이 좋습니다.
C:\Users\sean\Desktop\github\toy_project\PE Explorer\Visual Studio 2019\pe explorer\print_nt_header.c(87,9): warning C4477: 'printf' : 서식 문자열 '%d'에 'int' 형식의 인수가 필요하지만 variadic 인수 2의 형식이 'size_t'입니다.
C:\Users\sean\Desktop\github\toy_project\PE Explorer\Visual Studio 2019\pe explorer\print_nt_header.c(87,9): message : 서식 문자열에서 '%zd'을(를) 사용하는 것이 좋습니다.
C:\Users\sean\Desktop\github\toy_project\PE Explorer\Visual Studio 2019\pe explorer\print_nt_header.c(90,9): warning C4477: 'printf' : 서식 문자열 '%d'에 'int' 형식의 인수가 필요하지만 variadic 인수 2의 형식이 'size_t'입니다.
C:\Users\sean\Desktop\github\toy_project\PE Explorer\Visual Studio 2019\pe explorer\print_nt_header.c(90,9): message : 서식 문자열에서 '%zd'을(를) 사용하는 것이 좋습니다.
C:\Users\sean\Desktop\github\toy_project\PE Explorer\Visual Studio 2019\pe explorer\print_nt_header.c(93,9): warning C4477: 'printf' : 서식 문자열 '%d'에 'int' 형식의 인수가 필요하지만 variadic 인수 2의 형식이 'size_t'입니다.
C:\Users\sean\Desktop\github\toy_project\PE Explorer\Visual Studio 2019\pe explorer\print_nt_header.c(93,9): message : 서식 문자열에서 '%zd'을(를) 사용하는 것이 좋습니다.
C:\Users\sean\Desktop\github\toy_project\PE Explorer\Visual Studio 2019\pe explorer\print_nt_header.c(96,9): warning C4477: 'printf' : 서식 문자열 '%d'에 'int' 형식의 인수가 필요하지만 variadic 인수 2의 형식이 'size_t'입니다.
C:\Users\sean\Desktop\github\toy_project\PE Explorer\Visual Studio 2019\pe explorer\print_nt_header.c(96,9): message : 서식 문자열에서 '%zd'을(를) 사용하는 것이 좋습니다.
C:\Users\sean\Desktop\github\toy_project\PE Explorer\Visual Studio 2019\pe explorer\print_nt_header.c(99,9): warning C4477: 'printf' : 서식 문자열 '%d'에 'int' 형식의 인수가 필요하지만 variadic 인수 2의 형식이 'size_t'입니다.
C:\Users\sean\Desktop\github\toy_project\PE Explorer\Visual Studio 2019\pe explorer\print_nt_header.c(99,9): message : 서식 문자열에서 '%zd'을(를) 사용하는 것이 좋습니다.
C:\Users\sean\Desktop\github\toy_project\PE Explorer\Visual Studio 2019\pe explorer\print_nt_header.c(102,9): warning C4477: 'printf' : 서식 문자열 '%d'에 'int' 형식의 인수가 필요하지만 variadic 인수 2의 형식이 'size_t'입니다.
C:\Users\sean\Desktop\github\toy_project\PE Explorer\Visual Studio 2019\pe explorer\print_nt_header.c(102,9): message : 서식 문자열에서 '%zd'을(를) 사용하는 것이 좋습니다.
C:\Users\sean\Desktop\github\toy_project\PE Explorer\Visual Studio 2019\pe explorer\print_nt_header.c(105,9): warning C4477: 'printf' : 서식 문자열 '%d'에 'int' 형식의 인수가 필요하지만 variadic 인수 2의 형식이 'size_t'입니다.
C:\Users\sean\Desktop\github\toy_project\PE Explorer\Visual Studio 2019\pe explorer\print_nt_header.c(105,9): message : 서식 문자열에서 '%zd'을(를) 사용하는 것이 좋습니다.
C:\Users\sean\Desktop\github\toy_project\PE Explorer\Visual Studio 2019\pe explorer\print_nt_header.c(108,9): warning C4477: 'printf' : 서식 문자열 '%d'에 'int' 형식의 인수가 필요하지만 variadic 인수 2의 형식이 'size_t'입니다.
C:\Users\sean\Desktop\github\toy_project\PE Explorer\Visual Studio 2019\pe explorer\print_nt_header.c(108,9): message : 서식 문자열에서 '%zd'을(를) 사용하는 것이 좋습니다.
C:\Users\sean\Desktop\github\toy_project\PE Explorer\Visual Studio 2019\pe explorer\print_nt_header.c(111,9): warning C4477: 'printf' : 서식 문자열 '%d'에 'int' 형식의 인수가 필요하지만 variadic 인수 2의 형식이 'size_t'입니다.
C:\Users\sean\Desktop\github\toy_project\PE Explorer\Visual Studio 2019\pe explorer\print_nt_header.c(111,9): message : 서식 문자열에서 '%zd'을(를) 사용하는 것이 좋습니다.
C:\Users\sean\Desktop\github\toy_project\PE Explorer\Visual Studio 2019\pe explorer\print_nt_header.c(114,9): warning C4477: 'printf' : 서식 문자열 '%d'에 'int' 형식의 인수가 필요하지만 variadic 인수 2의 형식이 'size_t'입니다.
C:\Users\sean\Desktop\github\toy_project\PE Explorer\Visual Studio 2019\pe explorer\print_nt_header.c(114,9): message : 서식 문자열에서 '%zd'을(를) 사용하는 것이 좋습니다.
C:\Users\sean\Desktop\github\toy_project\PE Explorer\Visual Studio 2019\pe explorer\print_nt_header.c(117,9): warning C4477: 'printf' : 서식 문자열 '%d'에 'int' 형식의 인수가 필요하지만 variadic 인수 2의 형식이 'size_t'입니다.
C:\Users\sean\Desktop\github\toy_project\PE Explorer\Visual Studio 2019\pe explorer\print_nt_header.c(117,9): message : 서식 문자열에서 '%zd'을(를) 사용하는 것이 좋습니다.
C:\Users\sean\Desktop\github\toy_project\PE Explorer\Visual Studio 2019\pe explorer\print_nt_header.c(120,9): warning C4477: 'printf' : 서식 문자열 '%d'에 'int' 형식의 인수가 필요하지만 variadic 인수 2의 형식이 'size_t'입니다.
C:\Users\sean\Desktop\github\toy_project\PE Explorer\Visual Studio 2019\pe explorer\print_nt_header.c(120,9): message : 서식 문자열에서 '%zd'을(를) 사용하는 것이 좋습니다.
C:\Users\sean\Desktop\github\toy_project\PE Explorer\Visual Studio 2019\pe explorer\print_nt_header.c(123,9): warning C4477: 'printf' : 서식 문자열 '%d'에 'int' 형식의 인수가 필요하지만 variadic 인수 2의 형식이 'size_t'입니다.
C:\Users\sean\Desktop\github\toy_project\PE Explorer\Visual Studio 2019\pe explorer\print_nt_header.c(123,9): message : 서식 문자열에서 '%zd'을(를) 사용하는 것이 좋습니다.
C:\Users\sean\Desktop\github\toy_project\PE Explorer\Visual Studio 2019\pe explorer\print_nt_header.c(147,9): warning C4477: 'printf' : 서식 문자열 '%d'에 'int' 형식의 인수가 필요하지만 variadic 인수 2의 형식이 'size_t'입니다.
C:\Users\sean\Desktop\github\toy_project\PE Explorer\Visual Studio 2019\pe explorer\print_nt_header.c(147,9): message : 서식 문자열에서 '%zd'을(를) 사용하는 것이 좋습니다.
C:\Users\sean\Desktop\github\toy_project\PE Explorer\Visual Studio 2019\pe explorer\print_nt_header.c(151,9): warning C4477: 'printf' : 서식 문자열 '%d'에 'int' 형식의 인수가 필요하지만 variadic 인수 2의 형식이 'size_t'입니다.
C:\Users\sean\Desktop\github\toy_project\PE Explorer\Visual Studio 2019\pe explorer\print_nt_header.c(151,9): message : 서식 문자열에서 '%zd'을(를) 사용하는 것이 좋습니다.
C:\Users\sean\Desktop\github\toy_project\PE Explorer\Visual Studio 2019\pe explorer\print_nt_header.c(154,9): warning C4477: 'printf' : 서식 문자열 '%d'에 'int' 형식의 인수가 필요하지만 variadic 인수 2의 형식이 'size_t'입니다.
C:\Users\sean\Desktop\github\toy_project\PE Explorer\Visual Studio 2019\pe explorer\print_nt_header.c(154,9): message : 서식 문자열에서 '%zd'을(를) 사용하는 것이 좋습니다.
C:\Users\sean\Desktop\github\toy_project\PE Explorer\Visual Studio 2019\pe explorer\print_nt_header.c(157,9): warning C4477: 'printf' : 서식 문자열 '%d'에 'int' 형식의 인수가 필요하지만 variadic 인수 2의 형식이 'size_t'입니다.
C:\Users\sean\Desktop\github\toy_project\PE Explorer\Visual Studio 2019\pe explorer\print_nt_header.c(157,9): message : 서식 문자열에서 '%zd'을(를) 사용하는 것이 좋습니다.
C:\Users\sean\Desktop\github\toy_project\PE Explorer\Visual Studio 2019\pe explorer\print_nt_header.c(160,9): warning C4477: 'printf' : 서식 문자열 '%d'에 'int' 형식의 인수가 필요하지만 variadic 인수 2의 형식이 'size_t'입니다.
C:\Users\sean\Desktop\github\toy_project\PE Explorer\Visual Studio 2019\pe explorer\print_nt_header.c(160,9): message : 서식 문자열에서 '%zd'을(를) 사용하는 것이 좋습니다.
C:\Users\sean\Desktop\github\toy_project\PE Explorer\Visual Studio 2019\pe explorer\print_nt_header.c(163,9): warning C4477: 'printf' : 서식 문자열 '%d'에 'int' 형식의 인수가 필요하지만 variadic 인수 2의 형식이 'size_t'입니다.
C:\Users\sean\Desktop\github\toy_project\PE Explorer\Visual Studio 2019\pe explorer\print_nt_header.c(163,9): message : 서식 문자열에서 '%zd'을(를) 사용하는 것이 좋습니다.
C:\Users\sean\Desktop\github\toy_project\PE Explorer\Visual Studio 2019\pe explorer\print_nt_header.c(166,9): warning C4477: 'printf' : 서식 문자열 '%d'에 'int' 형식의 인수가 필요하지만 variadic 인수 2의 형식이 'size_t'입니다.
C:\Users\sean\Desktop\github\toy_project\PE Explorer\Visual Studio 2019\pe explorer\print_nt_header.c(166,9): message : 서식 문자열에서 '%zd'을(를) 사용하는 것이 좋습니다.
C:\Users\sean\Desktop\github\toy_project\PE Explorer\Visual Studio 2019\pe explorer\print_nt_header.c(169,9): warning C4477: 'printf' : 서식 문자열 '%d'에 'int' 형식의 인수가 필요하지만 variadic 인수 2의 형식이 'size_t'입니다.
C:\Users\sean\Desktop\github\toy_project\PE Explorer\Visual Studio 2019\pe explorer\print_nt_header.c(169,9): message : 서식 문자열에서 '%zd'을(를) 사용하는 것이 좋습니다.
C:\Users\sean\Desktop\github\toy_project\PE Explorer\Visual Studio 2019\pe explorer\print_nt_header.c(174,9): warning C4477: 'printf' : 서식 문자열 '%d'에 'int' 형식의 인수가 필요하지만 variadic 인수 2의 형식이 'size_t'입니다.
C:\Users\sean\Desktop\github\toy_project\PE Explorer\Visual Studio 2019\pe explorer\print_nt_header.c(174,9): message : 서식 문자열에서 '%zd'을(를) 사용하는 것이 좋습니다.
C:\Users\sean\Desktop\github\toy_project\PE Explorer\Visual Studio 2019\pe explorer\print_nt_header.c(177,9): warning C4477: 'printf' : 서식 문자열 '%d'에 'int' 형식의 인수가 필요하지만 variadic 인수 2의 형식이 'size_t'입니다.
C:\Users\sean\Desktop\github\toy_project\PE Explorer\Visual Studio 2019\pe explorer\print_nt_header.c(177,9): message : 서식 문자열에서 '%zd'을(를) 사용하는 것이 좋습니다.
C:\Users\sean\Desktop\github\toy_project\PE Explorer\Visual Studio 2019\pe explorer\print_nt_header.c(180,9): warning C4477: 'printf' : 서식 문자열 '%d'에 'int' 형식의 인수가 필요하지만 variadic 인수 2의 형식이 'size_t'입니다.
C:\Users\sean\Desktop\github\toy_project\PE Explorer\Visual Studio 2019\pe explorer\print_nt_header.c(180,9): message : 서식 문자열에서 '%zd'을(를) 사용하는 것이 좋습니다.
C:\Users\sean\Desktop\github\toy_project\PE Explorer\Visual Studio 2019\pe explorer\print_nt_header.c(183,9): warning C4477: 'printf' : 서식 문자열 '%d'에 'int' 형식의 인수가 필요하지만 variadic 인수 2의 형식이 'size_t'입니다.
C:\Users\sean\Desktop\github\toy_project\PE Explorer\Visual Studio 2019\pe explorer\print_nt_header.c(183,9): message : 서식 문자열에서 '%zd'을(를) 사용하는 것이 좋습니다.
C:\Users\sean\Desktop\github\toy_project\PE Explorer\Visual Studio 2019\pe explorer\print_nt_header.c(186,9): warning C4477: 'printf' : 서식 문자열 '%d'에 'int' 형식의 인수가 필요하지만 variadic 인수 2의 형식이 'size_t'입니다.
C:\Users\sean\Desktop\github\toy_project\PE Explorer\Visual Studio 2019\pe explorer\print_nt_header.c(186,9): message : 서식 문자열에서 '%zd'을(를) 사용하는 것이 좋습니다.
C:\Users\sean\Desktop\github\toy_project\PE Explorer\Visual Studio 2019\pe explorer\print_nt_header.c(189,9): warning C4477: 'printf' : 서식 문자열 '%d'에 'int' 형식의 인수가 필요하지만 variadic 인수 2의 형식이 'size_t'입니다.
C:\Users\sean\Desktop\github\toy_project\PE Explorer\Visual Studio 2019\pe explorer\print_nt_header.c(189,9): message : 서식 문자열에서 '%zd'을(를) 사용하는 것이 좋습니다.
C:\Users\sean\Desktop\github\toy_project\PE Explorer\Visual Studio 2019\pe explorer\print_nt_header.c(192,9): warning C4477: 'printf' : 서식 문자열 '%d'에 'int' 형식의 인수가 필요하지만 variadic 인수 2의 형식이 'size_t'입니다.
C:\Users\sean\Desktop\github\toy_project\PE Explorer\Visual Studio 2019\pe explorer\print_nt_header.c(192,9): message : 서식 문자열에서 '%zd'을(를) 사용하는 것이 좋습니다.
C:\Users\sean\Desktop\github\toy_project\PE Explorer\Visual Studio 2019\pe explorer\print_nt_header.c(195,9): warning C4477: 'printf' : 서식 문자열 '%d'에 'int' 형식의 인수가 필요하지만 variadic 인수 2의 형식이 'size_t'입니다.
C:\Users\sean\Desktop\github\toy_project\PE Explorer\Visual Studio 2019\pe explorer\print_nt_header.c(195,9): message : 서식 문자열에서 '%zd'을(를) 사용하는 것이 좋습니다.
C:\Users\sean\Desktop\github\toy_project\PE Explorer\Visual Studio 2019\pe explorer\print_nt_header.c(199,9): warning C4477: 'printf' : 서식 문자열 '%d'에 'int' 형식의 인수가 필요하지만 variadic 인수 2의 형식이 'size_t'입니다.
C:\Users\sean\Desktop\github\toy_project\PE Explorer\Visual Studio 2019\pe explorer\print_nt_header.c(199,9): message : 서식 문자열에서 '%zd'을(를) 사용하는 것이 좋습니다.
C:\Users\sean\Desktop\github\toy_project\PE Explorer\Visual Studio 2019\pe explorer\print_nt_header.c(202,9): warning C4477: 'printf' : 서식 문자열 '%d'에 'int' 형식의 인수가 필요하지만 variadic 인수 2의 형식이 'size_t'입니다.
C:\Users\sean\Desktop\github\toy_project\PE Explorer\Visual Studio 2019\pe explorer\print_nt_header.c(202,9): message : 서식 문자열에서 '%zd'을(를) 사용하는 것이 좋습니다.
C:\Users\sean\Desktop\github\toy_project\PE Explorer\Visual Studio 2019\pe explorer\print_nt_header.c(205,9): warning C4477: 'printf' : 서식 문자열 '%d'에 'int' 형식의 인수가 필요하지만 variadic 인수 2의 형식이 'size_t'입니다.
C:\Users\sean\Desktop\github\toy_project\PE Explorer\Visual Studio 2019\pe explorer\print_nt_header.c(205,9): message : 서식 문자열에서 '%zd'을(를) 사용하는 것이 좋습니다.
C:\Users\sean\Desktop\github\toy_project\PE Explorer\Visual Studio 2019\pe explorer\print_nt_header.c(208,9): warning C4477: 'printf' : 서식 문자열 '%d'에 'int' 형식의 인수가 필요하지만 variadic 인수 2의 형식이 'size_t'입니다.
C:\Users\sean\Desktop\github\toy_project\PE Explorer\Visual Studio 2019\pe explorer\print_nt_header.c(208,9): message : 서식 문자열에서 '%zd'을(를) 사용하는 것이 좋습니다.
C:\Users\sean\Desktop\github\toy_project\PE Explorer\Visual Studio 2019\pe explorer\print_nt_header.c(211,9): warning C4477: 'printf' : 서식 문자열 '%d'에 'int' 형식의 인수가 필요하지만 variadic 인수 2의 형식이 'size_t'입니다.
C:\Users\sean\Desktop\github\toy_project\PE Explorer\Visual Studio 2019\pe explorer\print_nt_header.c(211,9): message : 서식 문자열에서 '%zd'을(를) 사용하는 것이 좋습니다.
C:\Users\sean\Desktop\github\toy_project\PE Explorer\Visual Studio 2019\pe explorer\print_nt_header.c(214,9): warning C4477: 'printf' : 서식 문자열 '%d'에 'int' 형식의 인수가 필요하지만 variadic 인수 2의 형식이 'size_t'입니다.
C:\Users\sean\Desktop\github\toy_project\PE Explorer\Visual Studio 2019\pe explorer\print_nt_header.c(214,9): message : 서식 문자열에서 '%zd'을(를) 사용하는 것이 좋습니다.
C:\Users\sean\Desktop\github\toy_project\PE Explorer\Visual Studio 2019\pe explorer\print_nt_header.c(217,9): warning C4477: 'printf' : 서식 문자열 '%d'에 'int' 형식의 인수가 필요하지만 variadic 인수 2의 형식이 'size_t'입니다.
C:\Users\sean\Desktop\github\toy_project\PE Explorer\Visual Studio 2019\pe explorer\print_nt_header.c(217,9): message : 서식 문자열에서 '%zd'을(를) 사용하는 것이 좋습니다.
C:\Users\sean\Desktop\github\toy_project\PE Explorer\Visual Studio 2019\pe explorer\print_nt_header.c(220,9): warning C4477: 'printf' : 서식 문자열 '%d'에 'int' 형식의 인수가 필요하지만 variadic 인수 2의 형식이 'size_t'입니다.
C:\Users\sean\Desktop\github\toy_project\PE Explorer\Visual Studio 2019\pe explorer\print_nt_header.c(220,9): message : 서식 문자열에서 '%zd'을(를) 사용하는 것이 좋습니다.
C:\Users\sean\Desktop\github\toy_project\PE Explorer\Visual Studio 2019\pe explorer\print_nt_header.c(223,9): warning C4477: 'printf' : 서식 문자열 '%d'에 'int' 형식의 인수가 필요하지만 variadic 인수 2의 형식이 'size_t'입니다.
C:\Users\sean\Desktop\github\toy_project\PE Explorer\Visual Studio 2019\pe explorer\print_nt_header.c(223,9): message : 서식 문자열에서 '%zd'을(를) 사용하는 것이 좋습니다.
C:\Users\sean\Desktop\github\toy_project\PE Explorer\Visual Studio 2019\pe explorer\print_nt_header.c(226,9): warning C4477: 'printf' : 서식 문자열 '%d'에 'int' 형식의 인수가 필요하지만 variadic 인수 2의 형식이 'size_t'입니다.
C:\Users\sean\Desktop\github\toy_project\PE Explorer\Visual Studio 2019\pe explorer\print_nt_header.c(226,9): message : 서식 문자열에서 '%zd'을(를) 사용하는 것이 좋습니다.
C:\Users\sean\Desktop\github\toy_project\PE Explorer\Visual Studio 2019\pe explorer\print_nt_header.c(229,9): warning C4477: 'printf' : 서식 문자열 '%d'에 'int' 형식의 인수가 필요하지만 variadic 인수 2의 형식이 'size_t'입니다.
C:\Users\sean\Desktop\github\toy_project\PE Explorer\Visual Studio 2019\pe explorer\print_nt_header.c(229,9): message : 서식 문자열에서 '%zd'을(를) 사용하는 것이 좋습니다.
C:\Users\sean\Desktop\github\toy_project\PE Explorer\Visual Studio 2019\pe explorer\print_nt_header.c(232,9): warning C4477: 'printf' : 서식 문자열 '%d'에 'int' 형식의 인수가 필요하지만 variadic 인수 2의 형식이 'size_t'입니다.
C:\Users\sean\Desktop\github\toy_project\PE Explorer\Visual Studio 2019\pe explorer\print_nt_header.c(232,9): message : 서식 문자열에서 '%zd'을(를) 사용하는 것이 좋습니다.
C:\Users\sean\Desktop\github\toy_project\PE Explorer\Visual Studio 2019\pe explorer\print_nt_header.c(235,9): warning C4477: 'printf' : 서식 문자열 '%d'에 'int' 형식의 인수가 필요하지만 variadic 인수 2의 형식이 'size_t'입니다.
C:\Users\sean\Desktop\github\toy_project\PE Explorer\Visual Studio 2019\pe explorer\print_nt_header.c(235,9): message : 서식 문자열에서 '%zd'을(를) 사용하는 것이 좋습니다.
C:\Users\sean\Desktop\github\toy_project\PE Explorer\Visual Studio 2019\pe explorer\print_nt_header.c(238,9): warning C4477: 'printf' : 서식 문자열 '%d'에 'int' 형식의 인수가 필요하지만 variadic 인수 2의 형식이 'size_t'입니다.
C:\Users\sean\Desktop\github\toy_project\PE Explorer\Visual Studio 2019\pe explorer\print_nt_header.c(238,9): message : 서식 문자열에서 '%zd'을(를) 사용하는 것이 좋습니다.
C:\Users\sean\Desktop\github\toy_project\PE Explorer\Visual Studio 2019\pe explorer\print_nt_header.c(241,9): warning C4477: 'printf' : 서식 문자열 '%d'에 'int' 형식의 인수가 필요하지만 variadic 인수 2의 형식이 'size_t'입니다.
C:\Users\sean\Desktop\github\toy_project\PE Explorer\Visual Studio 2019\pe explorer\print_nt_header.c(241,9): message : 서식 문자열에서 '%zd'을(를) 사용하는 것이 좋습니다.
C:\Users\sean\Desktop\github\toy_project\PE Explorer\Visual Studio 2019\pe explorer\print_nt_header.c(244,9): warning C4477: 'printf' : 서식 문자열 '%d'에 'int' 형식의 인수가 필요하지만 variadic 인수 2의 형식이 'size_t'입니다.
C:\Users\sean\Desktop\github\toy_project\PE Explorer\Visual Studio 2019\pe explorer\print_nt_header.c(244,9): message : 서식 문자열에서 '%zd'을(를) 사용하는 것이 좋습니다.
C:\Users\sean\Desktop\github\toy_project\PE Explorer\Visual Studio 2019\pe explorer\print_nt_header.c(247,9): warning C4477: 'printf' : 서식 문자열 '%d'에 'int' 형식의 인수가 필요하지만 variadic 인수 2의 형식이 'size_t'입니다.
C:\Users\sean\Desktop\github\toy_project\PE Explorer\Visual Studio 2019\pe explorer\print_nt_header.c(247,9): message : 서식 문자열에서 '%zd'을(를) 사용하는 것이 좋습니다.
C:\Users\sean\Desktop\github\toy_project\PE Explorer\Visual Studio 2019\pe explorer\print_nt_header.c(250,9): warning C4477: 'printf' : 서식 문자열 '%d'에 'int' 형식의 인수가 필요하지만 variadic 인수 2의 형식이 'size_t'입니다.
C:\Users\sean\Desktop\github\toy_project\PE Explorer\Visual Studio 2019\pe explorer\print_nt_header.c(250,9): message : 서식 문자열에서 '%zd'을(를) 사용하는 것이 좋습니다.
C:\Users\sean\Desktop\github\toy_project\PE Explorer\Visual Studio 2019\pe explorer\print_nt_header.c(253,9): warning C4477: 'printf' : 서식 문자열 '%d'에 'int' 형식의 인수가 필요하지만 variadic 인수 2의 형식이 'size_t'입니다.
C:\Users\sean\Desktop\github\toy_project\PE Explorer\Visual Studio 2019\pe explorer\print_nt_header.c(253,9): message : 서식 문자열에서 '%zd'을(를) 사용하는 것이 좋습니다.
C:\Users\sean\Desktop\github\toy_project\PE Explorer\Visual Studio 2019\pe explorer\print_nt_header.c(256,9): warning C4477: 'printf' : 서식 문자열 '%d'에 'int' 형식의 인수가 필요하지만 variadic 인수 2의 형식이 'size_t'입니다.
C:\Users\sean\Desktop\github\toy_project\PE Explorer\Visual Studio 2019\pe explorer\print_nt_header.c(256,9): message : 서식 문자열에서 '%zd'을(를) 사용하는 것이 좋습니다.
C:\Users\sean\Desktop\github\toy_project\PE Explorer\Visual Studio 2019\pe explorer\print_nt_header.c(259,9): warning C4477: 'printf' : 서식 문자열 '%d'에 'int' 형식의 인수가 필요하지만 variadic 인수 2의 형식이 'size_t'입니다.
C:\Users\sean\Desktop\github\toy_project\PE Explorer\Visual Studio 2019\pe explorer\print_nt_header.c(259,9): message : 서식 문자열에서 '%zd'을(를) 사용하는 것이 좋습니다.
  print_section_header.c
C:\Users\sean\Desktop\github\toy_project\PE Explorer\Visual Studio 2019\pe explorer\print_section_header.c(14,10): warning C4477: 'printf' : 서식 문자열 '%d'에 'int' 형식의 인수가 필요하지만 variadic 인수 2의 형식이 'size_t'입니다.
C:\Users\sean\Desktop\github\toy_project\PE Explorer\Visual Studio 2019\pe explorer\print_section_header.c(14,10): message : 서식 문자열에서 '%zd'을(를) 사용하는 것이 좋습니다.
C:\Users\sean\Desktop\github\toy_project\PE Explorer\Visual Studio 2019\pe explorer\print_section_header.c(17,10): warning C4477: 'printf' : 서식 문자열 '%d'에 'int' 형식의 인수가 필요하지만 variadic 인수 2의 형식이 'size_t'입니다.
C:\Users\sean\Desktop\github\toy_project\PE Explorer\Visual Studio 2019\pe explorer\print_section_header.c(17,10): message : 서식 문자열에서 '%zd'을(를) 사용하는 것이 좋습니다.
C:\Users\sean\Desktop\github\toy_project\PE Explorer\Visual Studio 2019\pe explorer\print_section_header.c(20,10): warning C4477: 'printf' : 서식 문자열 '%d'에 'int' 형식의 인수가 필요하지만 variadic 인수 2의 형식이 'size_t'입니다.
C:\Users\sean\Desktop\github\toy_project\PE Explorer\Visual Studio 2019\pe explorer\print_section_header.c(20,10): message : 서식 문자열에서 '%zd'을(를) 사용하는 것이 좋습니다.
C:\Users\sean\Desktop\github\toy_project\PE Explorer\Visual Studio 2019\pe explorer\print_section_header.c(23,10): warning C4477: 'printf' : 서식 문자열 '%d'에 'int' 형식의 인수가 필요하지만 variadic 인수 2의 형식이 'size_t'입니다.
C:\Users\sean\Desktop\github\toy_project\PE Explorer\Visual Studio 2019\pe explorer\print_section_header.c(23,10): message : 서식 문자열에서 '%zd'을(를) 사용하는 것이 좋습니다.
C:\Users\sean\Desktop\github\toy_project\PE Explorer\Visual Studio 2019\pe explorer\print_section_header.c(26,10): warning C4477: 'printf' : 서식 문자열 '%d'에 'int' 형식의 인수가 필요하지만 variadic 인수 2의 형식이 'size_t'입니다.
C:\Users\sean\Desktop\github\toy_project\PE Explorer\Visual Studio 2019\pe explorer\print_section_header.c(26,10): message : 서식 문자열에서 '%zd'을(를) 사용하는 것이 좋습니다.
C:\Users\sean\Desktop\github\toy_project\PE Explorer\Visual Studio 2019\pe explorer\print_section_header.c(29,10): warning C4477: 'printf' : 서식 문자열 '%d'에 'int' 형식의 인수가 필요하지만 variadic 인수 2의 형식이 'size_t'입니다.
C:\Users\sean\Desktop\github\toy_project\PE Explorer\Visual Studio 2019\pe explorer\print_section_header.c(29,10): message : 서식 문자열에서 '%zd'을(를) 사용하는 것이 좋습니다.
C:\Users\sean\Desktop\github\toy_project\PE Explorer\Visual Studio 2019\pe explorer\print_section_header.c(32,10): warning C4477: 'printf' : 서식 문자열 '%d'에 'int' 형식의 인수가 필요하지만 variadic 인수 2의 형식이 'size_t'입니다.
C:\Users\sean\Desktop\github\toy_project\PE Explorer\Visual Studio 2019\pe explorer\print_section_header.c(32,10): message : 서식 문자열에서 '%zd'을(를) 사용하는 것이 좋습니다.
C:\Users\sean\Desktop\github\toy_project\PE Explorer\Visual Studio 2019\pe explorer\print_section_header.c(35,10): warning C4477: 'printf' : 서식 문자열 '%d'에 'int' 형식의 인수가 필요하지만 variadic 인수 2의 형식이 'size_t'입니다.
C:\Users\sean\Desktop\github\toy_project\PE Explorer\Visual Studio 2019\pe explorer\print_section_header.c(35,10): message : 서식 문자열에서 '%zd'을(를) 사용하는 것이 좋습니다.
C:\Users\sean\Desktop\github\toy_project\PE Explorer\Visual Studio 2019\pe explorer\print_section_header.c(38,10): warning C4477: 'printf' : 서식 문자열 '%d'에 'int' 형식의 인수가 필요하지만 variadic 인수 2의 형식이 'size_t'입니다.
C:\Users\sean\Desktop\github\toy_project\PE Explorer\Visual Studio 2019\pe explorer\print_section_header.c(38,10): message : 서식 문자열에서 '%zd'을(를) 사용하는 것이 좋습니다.
  rva_to_raw.c
  set_file_offset.c
  코드를 생성하고 있습니다.
  Previous IPDB not found, fall back to full compilation.
  All 19 functions were compiled because no usable IPDB/IOBJ from previous compilation was found.
  코드를 생성했습니다.
  pe explorer.vcxproj -> C:\Users\sean\Desktop\github\toy_project\PE Explorer\Visual Studio 2019\pe explorer\x64\Release\pe viewer.exe
