c:\users\sean\desktop\github\toy_project\pe explorer\visual studio 2019\pe explorer\x64\release\vc143.pdb
c:\users\sean\desktop\github\toy_project\pe explorer\visual studio 2019\pe explorer\x64\release\set_file_offset.obj
c:\users\sean\desktop\github\toy_project\pe explorer\visual studio 2019\pe explorer\x64\release\rva_to_raw.obj
c:\users\sean\desktop\github\toy_project\pe explorer\visual studio 2019\pe explorer\x64\release\print_section_header.obj
c:\users\sean\desktop\github\toy_project\pe explorer\visual studio 2019\pe explorer\x64\release\print_nt_header.obj
c:\users\sean\desktop\github\toy_project\pe explorer\visual studio 2019\pe explorer\x64\release\print_inh_ioh_datadirectory.obj
c:\users\sean\desktop\github\toy_project\pe explorer\visual studio 2019\pe explorer\x64\release\print_iid.obj
c:\users\sean\desktop\github\toy_project\pe explorer\visual studio 2019\pe explorer\x64\release\print_ied.obj
c:\users\sean\desktop\github\toy_project\pe explorer\visual studio 2019\pe explorer\x64\release\print_dos_header.obj
c:\users\sean\desktop\github\toy_project\pe explorer\visual studio 2019\pe explorer\x64\release\main.obj
c:\users\sean\desktop\github\toy_project\pe explorer\visual studio 2019\pe explorer\x64\release\get_file_size.obj
c:\users\sean\desktop\github\toy_project\pe explorer\visual studio 2019\pe explorer\x64\release\get_file_offset.obj
c:\users\sean\desktop\github\toy_project\pe explorer\visual studio 2019\pe explorer\x64\release\get_file_content.obj
c:\users\sean\desktop\github\toy_project\pe explorer\visual studio 2019\pe explorer\x64\release\pe viewer.exe
c:\users\sean\desktop\github\toy_project\pe explorer\visual studio 2019\pe explorer\x64\release\pe viewer.pdb
c:\users\sean\desktop\github\toy_project\pe explorer\visual studio 2019\pe explorer\x64\release\pe viewer.ipdb
c:\users\sean\desktop\github\toy_project\pe explorer\visual studio 2019\pe explorer\x64\release\pe viewer.iobj
c:\users\sean\desktop\github\toy_project\pe explorer\visual studio 2019\pe explorer\x64\release\pe viewer.tlog\cl.command.1.tlog
c:\users\sean\desktop\github\toy_project\pe explorer\visual studio 2019\pe explorer\x64\release\pe viewer.tlog\cl.items.tlog
c:\users\sean\desktop\github\toy_project\pe explorer\visual studio 2019\pe explorer\x64\release\pe viewer.tlog\cl.read.1.tlog
c:\users\sean\desktop\github\toy_project\pe explorer\visual studio 2019\pe explorer\x64\release\pe viewer.tlog\cl.write.1.tlog
c:\users\sean\desktop\github\toy_project\pe explorer\visual studio 2019\pe explorer\x64\release\pe viewer.tlog\link.command.1.tlog
c:\users\sean\desktop\github\toy_project\pe explorer\visual studio 2019\pe explorer\x64\release\pe viewer.tlog\link.read.1.tlog
c:\users\sean\desktop\github\toy_project\pe explorer\visual studio 2019\pe explorer\x64\release\pe viewer.tlog\link.write.1.tlog
c:\users\sean\desktop\github\toy_project\pe explorer\visual studio 2019\pe explorer\x64\release\pe viewer.tlog\link.write.2u.tlog
